[2021-08-03 07:56:20][5] Processing: App\Jobs\SleepJob

   UnexpectedValueException  : The stream or file "/var/www/html/storage/logs/laravel-2021-08-03.log" could not be opened: failed to open stream: Permission denied

  at /var/www/html/vendor/monolog/monolog/src/Monolog/Handler/StreamHandler.php:107
    103|             }
    104|             restore_error_handler();
    105|             if (!is_resource($this->stream)) {
    106|                 $this->stream = null;
  > 107|                 throw new \UnexpectedValueException(sprintf('The stream or file "%s" could not be opened: '.$this->errorMessage, $this->url));
    108|             }
    109|         }
    110| 
    111|         if ($this->useLocking) {

  Exception trace:

  1   Monolog\Handler\StreamHandler::write()
      /var/www/html/vendor/monolog/monolog/src/Monolog/Handler/RotatingFileHandler.php:119

  2   Monolog\Handler\RotatingFileHandler::write()
      /var/www/html/vendor/monolog/monolog/src/Monolog/Handler/AbstractProcessingHandler.php:39

  Please use the argument -v to see more details.
[2021-08-03 07:56:22][5] Processing: App\Jobs\SleepJob

   UnexpectedValueException  : The stream or file "/var/www/html/storage/logs/laravel-2021-08-03.log" could not be opened: failed to open stream: Permission denied

  at /var/www/html/vendor/monolog/monolog/src/Monolog/Handler/StreamHandler.php:107
    103|             }
    104|             restore_error_handler();
    105|             if (!is_resource($this->stream)) {
    106|                 $this->stream = null;
  > 107|                 throw new \UnexpectedValueException(sprintf('The stream or file "%s" could not be opened: '.$this->errorMessage, $this->url));
    108|             }
    109|         }
    110| 
    111|         if ($this->useLocking) {

  Exception trace:

  1   Monolog\Handler\StreamHandler::write()
      /var/www/html/vendor/monolog/monolog/src/Monolog/Handler/RotatingFileHandler.php:119

  2   Monolog\Handler\RotatingFileHandler::write()
      /var/www/html/vendor/monolog/monolog/src/Monolog/Handler/AbstractProcessingHandler.php:39

  Please use the argument -v to see more details.
[2021-08-03 07:56:24][5] Processing: App\Jobs\SleepJob

   UnexpectedValueException  : The stream or file "/var/www/html/storage/logs/laravel-2021-08-03.log" could not be opened: failed to open stream: Permission denied

  at /var/www/html/vendor/monolog/monolog/src/Monolog/Handler/StreamHandler.php:107
    103|             }
    104|             restore_error_handler();
    105|             if (!is_resource($this->stream)) {
    106|                 $this->stream = null;
  > 107|                 throw new \UnexpectedValueException(sprintf('The stream or file "%s" could not be opened: '.$this->errorMessage, $this->url));
    108|             }
    109|         }
    110| 
    111|         if ($this->useLocking) {

  Exception trace:

  1   Monolog\Handler\StreamHandler::write()
      /var/www/html/vendor/monolog/monolog/src/Monolog/Handler/RotatingFileHandler.php:119

  2   Monolog\Handler\RotatingFileHandler::write()
      /var/www/html/vendor/monolog/monolog/src/Monolog/Handler/AbstractProcessingHandler.php:39

  Please use the argument -v to see more details.
[2021-08-03 07:56:27][5] Processing: App\Jobs\SleepJob

   UnexpectedValueException  : The stream or file "/var/www/html/storage/logs/laravel-2021-08-03.log" could not be opened: failed to open stream: Permission denied

  at /var/www/html/vendor/monolog/monolog/src/Monolog/Handler/StreamHandler.php:107
    103|             }
    104|             restore_error_handler();
    105|             if (!is_resource($this->stream)) {
    106|                 $this->stream = null;
  > 107|                 throw new \UnexpectedValueException(sprintf('The stream or file "%s" could not be opened: '.$this->errorMessage, $this->url));
    108|             }
    109|         }
    110| 
    111|         if ($this->useLocking) {

  Exception trace:

  1   Monolog\Handler\StreamHandler::write()
      /var/www/html/vendor/monolog/monolog/src/Monolog/Handler/RotatingFileHandler.php:119

  2   Monolog\Handler\RotatingFileHandler::write()
      /var/www/html/vendor/monolog/monolog/src/Monolog/Handler/AbstractProcessingHandler.php:39

  Please use the argument -v to see more details.
[2021-08-03 07:59:20][5] Processing: App\Jobs\SleepJob
[2021-08-03 07:59:20][5] Failed:     App\Jobs\SleepJob

   UnexpectedValueException  : The stream or file "/var/www/html/storage/logs/laravel-2021-08-03.log" could not be opened: failed to open stream: Permission denied

  at /var/www/html/vendor/monolog/monolog/src/Monolog/Handler/StreamHandler.php:107
    103|             }
    104|             restore_error_handler();
    105|             if (!is_resource($this->stream)) {
    106|                 $this->stream = null;
  > 107|                 throw new \UnexpectedValueException(sprintf('The stream or file "%s" could not be opened: '.$this->errorMessage, $this->url));
    108|             }
    109|         }
    110| 
    111|         if ($this->useLocking) {

  Exception trace:

  1   Monolog\Handler\StreamHandler::write()
      /var/www/html/vendor/monolog/monolog/src/Monolog/Handler/RotatingFileHandler.php:119

  2   Monolog\Handler\RotatingFileHandler::write()
      /var/www/html/vendor/monolog/monolog/src/Monolog/Handler/AbstractProcessingHandler.php:39

  Please use the argument -v to see more details.
[2021-08-03 07:59:40][13] Processing: App\Jobs\SleepJob

   UnexpectedValueException  : The stream or file "/var/www/html/storage/logs/laravel-2021-08-03.log" could not be opened: failed to open stream: Permission denied

  at /var/www/html/vendor/monolog/monolog/src/Monolog/Handler/StreamHandler.php:107
    103|             }
    104|             restore_error_handler();
    105|             if (!is_resource($this->stream)) {
    106|                 $this->stream = null;
  > 107|                 throw new \UnexpectedValueException(sprintf('The stream or file "%s" could not be opened: '.$this->errorMessage, $this->url));
    108|             }
    109|         }
    110| 
    111|         if ($this->useLocking) {

  Exception trace:

  1   Monolog\Handler\StreamHandler::write()
      /var/www/html/vendor/monolog/monolog/src/Monolog/Handler/RotatingFileHandler.php:119

  2   Monolog\Handler\RotatingFileHandler::write()
      /var/www/html/vendor/monolog/monolog/src/Monolog/Handler/AbstractProcessingHandler.php:39

  Please use the argument -v to see more details.
[2021-08-03 07:59:41][13] Processing: App\Jobs\SleepJob

   UnexpectedValueException  : The stream or file "/var/www/html/storage/logs/laravel-2021-08-03.log" could not be opened: failed to open stream: Permission denied

  at /var/www/html/vendor/monolog/monolog/src/Monolog/Handler/StreamHandler.php:107
    103|             }
    104|             restore_error_handler();
    105|             if (!is_resource($this->stream)) {
    106|                 $this->stream = null;
  > 107|                 throw new \UnexpectedValueException(sprintf('The stream or file "%s" could not be opened: '.$this->errorMessage, $this->url));
    108|             }
    109|         }
    110| 
    111|         if ($this->useLocking) {

  Exception trace:

  1   Monolog\Handler\StreamHandler::write()
      /var/www/html/vendor/monolog/monolog/src/Monolog/Handler/RotatingFileHandler.php:119

  2   Monolog\Handler\RotatingFileHandler::write()
      /var/www/html/vendor/monolog/monolog/src/Monolog/Handler/AbstractProcessingHandler.php:39

  Please use the argument -v to see more details.
[2021-08-03 07:59:42][13] Processing: App\Jobs\SleepJob
[2021-08-03 07:59:42][13] Failed:     App\Jobs\SleepJob

   UnexpectedValueException  : The stream or file "/var/www/html/storage/logs/laravel-2021-08-03.log" could not be opened: failed to open stream: Permission denied

  at /var/www/html/vendor/monolog/monolog/src/Monolog/Handler/StreamHandler.php:107
    103|             }
    104|             restore_error_handler();
    105|             if (!is_resource($this->stream)) {
    106|                 $this->stream = null;
  > 107|                 throw new \UnexpectedValueException(sprintf('The stream or file "%s" could not be opened: '.$this->errorMessage, $this->url));
    108|             }
    109|         }
    110| 
    111|         if ($this->useLocking) {

  Exception trace:

  1   Monolog\Handler\StreamHandler::write()
      /var/www/html/vendor/monolog/monolog/src/Monolog/Handler/RotatingFileHandler.php:119

  2   Monolog\Handler\RotatingFileHandler::write()
      /var/www/html/vendor/monolog/monolog/src/Monolog/Handler/AbstractProcessingHandler.php:39

  Please use the argument -v to see more details.
[2021-08-03 08:00:45][14] Processing: App\Jobs\SleepJob

   UnexpectedValueException  : The stream or file "/var/www/html/storage/logs/laravel-2021-08-03.log" could not be opened: failed to open stream: Permission denied

  at /var/www/html/vendor/monolog/monolog/src/Monolog/Handler/StreamHandler.php:107
    103|             }
    104|             restore_error_handler();
    105|             if (!is_resource($this->stream)) {
    106|                 $this->stream = null;
  > 107|                 throw new \UnexpectedValueException(sprintf('The stream or file "%s" could not be opened: '.$this->errorMessage, $this->url));
    108|             }
    109|         }
    110| 
    111|         if ($this->useLocking) {

  Exception trace:

  1   Monolog\Handler\StreamHandler::write()
      /var/www/html/vendor/monolog/monolog/src/Monolog/Handler/RotatingFileHandler.php:119

  2   Monolog\Handler\RotatingFileHandler::write()
      /var/www/html/vendor/monolog/monolog/src/Monolog/Handler/AbstractProcessingHandler.php:39

  Please use the argument -v to see more details.
[2021-08-03 08:00:46][14] Processing: App\Jobs\SleepJob

   UnexpectedValueException  : The stream or file "/var/www/html/storage/logs/laravel-2021-08-03.log" could not be opened: failed to open stream: Permission denied

  at /var/www/html/vendor/monolog/monolog/src/Monolog/Handler/StreamHandler.php:107
    103|             }
    104|             restore_error_handler();
    105|             if (!is_resource($this->stream)) {
    106|                 $this->stream = null;
  > 107|                 throw new \UnexpectedValueException(sprintf('The stream or file "%s" could not be opened: '.$this->errorMessage, $this->url));
    108|             }
    109|         }
    110| 
    111|         if ($this->useLocking) {

  Exception trace:

  1   Monolog\Handler\StreamHandler::write()
      /var/www/html/vendor/monolog/monolog/src/Monolog/Handler/RotatingFileHandler.php:119

  2   Monolog\Handler\RotatingFileHandler::write()
      /var/www/html/vendor/monolog/monolog/src/Monolog/Handler/AbstractProcessingHandler.php:39

  Please use the argument -v to see more details.
[2021-08-03 08:00:47][14] Processing: App\Jobs\SleepJob
[2021-08-03 08:00:47][14] Failed:     App\Jobs\SleepJob

   UnexpectedValueException  : The stream or file "/var/www/html/storage/logs/laravel-2021-08-03.log" could not be opened: failed to open stream: Permission denied

  at /var/www/html/vendor/monolog/monolog/src/Monolog/Handler/StreamHandler.php:107
    103|             }
    104|             restore_error_handler();
    105|             if (!is_resource($this->stream)) {
    106|                 $this->stream = null;
  > 107|                 throw new \UnexpectedValueException(sprintf('The stream or file "%s" could not be opened: '.$this->errorMessage, $this->url));
    108|             }
    109|         }
    110| 
    111|         if ($this->useLocking) {

  Exception trace:

  1   Monolog\Handler\StreamHandler::write()
      /var/www/html/vendor/monolog/monolog/src/Monolog/Handler/RotatingFileHandler.php:119

  2   Monolog\Handler\RotatingFileHandler::write()
      /var/www/html/vendor/monolog/monolog/src/Monolog/Handler/AbstractProcessingHandler.php:39

  Please use the argument -v to see more details.
[2021-08-03 08:03:31][15] Processing: App\Jobs\SleepJob
[2021-08-03 08:03:41][15] Processed:  App\Jobs\SleepJob
[2021-08-03 08:04:35][16] Processing: App\Jobs\SleepJob
[2021-08-03 08:04:37][16] Processed:  App\Jobs\SleepJob
[2021-08-03 08:04:55][17] Processing: App\Jobs\SleepJob
[2021-08-03 08:04:58][17] Processed:  App\Jobs\SleepJob
[2021-08-03 08:05:40][18] Processing: App\Jobs\SleepJob
[2021-08-03 08:05:50][18] Processed:  App\Jobs\SleepJob
[2021-08-03 08:06:02][19] Processing: App\Jobs\SleepJob
[2021-08-03 08:06:03][19] Processed:  App\Jobs\SleepJob
[2021-08-03 08:07:22][20] Processing: App\Jobs\SleepJob
[2021-08-03 08:07:37][20] Processed:  App\Jobs\SleepJob
[2021-08-03 08:12:29][21] Processing: App\Jobs\SleepJob
[2021-08-03 08:12:59][21] Processed:  App\Jobs\SleepJob
[2021-08-03 08:13:17][22] Processing: App\Jobs\SleepJob
[2021-08-03 08:13:21][22] Processed:  App\Jobs\SleepJob
[2021-08-03 08:15:27][23] Processing: App\Jobs\SleepJob
[2021-08-03 08:16:22][23] Processed:  App\Jobs\SleepJob
[2021-08-03 08:18:18][24] Processing: App\Jobs\SleepJob
[2021-08-03 08:18:52][24] Processed:  App\Jobs\SleepJob
[2021-08-03 08:19:34][25] Processing: App\Jobs\SleepJob
[2021-08-03 08:20:09][25] Processed:  App\Jobs\SleepJob
[2021-08-03 08:20:56][26] Processing: App\Jobs\SleepJob
[2021-08-03 08:21:43][26] Processed:  App\Jobs\SleepJob
[2021-08-03 08:22:20][27] Processing: App\Jobs\SleepJob
[2021-08-03 08:23:51][27] Processing: App\Jobs\SleepJob
